# JRE version: Java(TM) SE Runtime Environment (17.0.12+8) (build 17.0.12+8-LTS-286)
# Java VM: Java HotSpot(TM) 64-Bit Server VM (17.0.12+8-LTS-286, mixed mode, sharing, tiered, compressed oops, compressed class ptrs, g1 gc, windows-amd64)
GC Precious Log:
 CPUs: 12 total, 12 available
 Memory: 32599M
 Large Page Support: Disabled
 NUMA Support: Disabled
 Compressed Oops: Enabled (Zero based)
 Heap Region Size: 4M
 Heap Min Capacity: 8M
 Heap Initial Capacity: 512M
 Heap Max Capacity: 8152M
 Pre-touch: Disabled
 Parallel Workers: 10
 Concurrent Workers: 3
 Concurrent Refinement Workers: 10
 Periodic GC: Disabled
Heap:
 garbage-first heap   total 290816K, used 86240K [0x0000000602800000, 0x0000000800000000)
  region size 4096K, 4 young (16384K), 4 survivors (16384K)
 Metaspace       used 27173K, committed 27456K, reserved 1114112K
  class space    used 3175K, committed 3328K, reserved 1048576K
GC Heap History (20 events):
Event: 34.137 GC heap after
{Heap after GC invocations=6 (full 0):
 garbage-first heap   total 57344K, used 13277K [0x0000000602800000, 0x0000000800000000)
  region size 4096K, 1 young (4096K), 1 survivors (4096K)
 Metaspace       used 23175K, committed 23424K, reserved 1114112K
  class space    used 2720K, committed 2816K, reserved 1048576K
}
Event: 90.408 GC heap before
{Heap before GC invocations=6 (full 0):
 garbage-first heap   total 57344K, used 33757K [0x0000000602800000, 0x0000000800000000)
  region size 4096K, 6 young (24576K), 1 survivors (4096K)
 Metaspace       used 23181K, committed 23424K, reserved 1114112K
  class space    used 2721K, committed 2816K, reserved 1048576K
}
Event: 90.409 GC heap after
{Heap after GC invocations=7 (full 0):
 garbage-first heap   total 57344K, used 13828K [0x0000000602800000, 0x0000000800000000)
  region size 4096K, 1 young (4096K), 1 survivors (4096K)
 Metaspace       used 23181K, committed 23424K, reserved 1114112K
  class space    used 2721K, committed 2816K, reserved 1048576K
}
Event: 136.697 GC heap before
{Heap before GC invocations=7 (full 0):
 garbage-first heap   total 57344K, used 30212K [0x0000000602800000, 0x0000000800000000)
  region size 4096K, 6 young (24576K), 1 survivors (4096K)
 Metaspace       used 24964K, committed 25280K, reserved 1114112K
  class space    used 2944K, committed 3072K, reserved 1048576K
}
Event: 136.699 GC heap after
{Heap after GC invocations=8 (full 0):
 garbage-first heap   total 57344K, used 13564K [0x0000000602800000, 0x0000000800000000)
  region size 4096K, 1 young (4096K), 1 survivors (4096K)
 Metaspace       used 24964K, committed 25280K, reserved 1114112K
  class space    used 2944K, committed 3072K, reserved 1048576K
}
Event: 136.751 GC heap before
{Heap before GC invocations=8 (full 0):
 garbage-first heap   total 57344K, used 29948K [0x0000000602800000, 0x0000000800000000)
  region size 4096K, 5 young (20480K), 1 survivors (4096K)
 Metaspace       used 24967K, committed 25280K, reserved 1114112K
  class space    used 2944K, committed 3072K, reserved 1048576K
}
Event: 136.753 GC heap after
{Heap after GC invocations=9 (full 0):
 garbage-first heap   total 57344K, used 14976K [0x0000000602800000, 0x0000000800000000)
  region size 4096K, 1 young (4096K), 1 survivors (4096K)
 Metaspace       used 24967K, committed 25280K, reserved 1114112K
  class space    used 2944K, committed 3072K, reserved 1048576K
}
Event: 136.830 GC heap before
{Heap before GC invocations=9 (full 0):
 garbage-first heap   total 57344K, used 35456K [0x0000000602800000, 0x0000000800000000)
  region size 4096K, 6 young (24576K), 1 survivors (4096K)
 Metaspace       used 24967K, committed 25280K, reserved 1114112K
  class space    used 2944K, committed 3072K, reserved 1048576K
}
Event: 136.834 GC heap after
{Heap after GC invocations=10 (full 0):
 garbage-first heap   total 57344K, used 17033K [0x0000000602800000, 0x0000000800000000)
  region size 4096K, 1 young (4096K), 1 survivors (4096K)
 Metaspace       used 24967K, committed 25280K, reserved 1114112K
  class space    used 2944K, committed 3072K, reserved 1048576K
}
Event: 136.936 GC heap before
{Heap before GC invocations=10 (full 0):
 garbage-first heap   total 57344K, used 37513K [0x0000000602800000, 0x0000000800000000)
  region size 4096K, 6 young (24576K), 1 survivors (4096K)
 Metaspace       used 24967K, committed 25280K, reserved 1114112K
  class space    used 2944K, committed 3072K, reserved 1048576K
}
Event: 136.939 GC heap after
{Heap after GC invocations=11 (full 0):
 garbage-first heap   total 57344K, used 19077K [0x0000000602800000, 0x0000000800000000)
  region size 4096K, 1 young (4096K), 1 survivors (4096K)
 Metaspace       used 24967K, committed 25280K, reserved 1114112K
  class space    used 2944K, committed 3072K, reserved 1048576K
}
Event: 136.986 GC heap before
{Heap before GC invocations=11 (full 0):
 garbage-first heap   total 57344K, used 39557K [0x0000000602800000, 0x0000000800000000)
  region size 4096K, 6 young (24576K), 1 survivors (4096K)
 Metaspace       used 24967K, committed 25280K, reserved 1114112K
  class space    used 2944K, committed 3072K, reserved 1048576K
}
Event: 136.989 GC heap after
{Heap after GC invocations=12 (full 0):
 garbage-first heap   total 290816K, used 21017K [0x0000000602800000, 0x0000000800000000)
  region size 4096K, 1 young (4096K), 1 survivors (4096K)
 Metaspace       used 24967K, committed 25280K, reserved 1114112K
  class space    used 2944K, committed 3072K, reserved 1048576K
}
Event: 137.468 GC heap before
{Heap before GC invocations=12 (full 0):
 garbage-first heap   total 290816K, used 188953K [0x0000000602800000, 0x0000000800000000)
  region size 4096K, 42 young (172032K), 1 survivors (4096K)
 Metaspace       used 24984K, committed 25280K, reserved 1114112K
  class space    used 2944K, committed 3072K, reserved 1048576K
}
Event: 137.483 GC heap after
{Heap after GC invocations=13 (full 0):
 garbage-first heap   total 290816K, used 36756K [0x0000000602800000, 0x0000000800000000)
  region size 4096K, 5 young (20480K), 5 survivors (20480K)
 Metaspace       used 24984K, committed 25280K, reserved 1114112K
  class space    used 2944K, committed 3072K, reserved 1048576K
}
Event: 138.475 GC heap before
{Heap before GC invocations=13 (full 0):
 garbage-first heap   total 290816K, used 184212K [0x0000000602800000, 0x0000000800000000)
  region size 4096K, 42 young (172032K), 5 survivors (20480K)
 Metaspace       used 27089K, committed 27456K, reserved 1114112K
  class space    used 3150K, committed 3328K, reserved 1048576K
}
Event: 138.497 GC heap after
{Heap after GC invocations=14 (full 0):
 garbage-first heap   total 290816K, used 56194K [0x0000000602800000, 0x0000000800000000)
  region size 4096K, 5 young (20480K), 5 survivors (20480K)
 Metaspace       used 27089K, committed 27456K, reserved 1114112K
  class space    used 3150K, committed 3328K, reserved 1048576K
}
Event: 139.220 GC heap before
{Heap before GC invocations=14 (full 0):
 garbage-first heap   total 290816K, used 203650K [0x0000000602800000, 0x0000000800000000)
  region size 4096K, 41 young (167936K), 5 survivors (20480K)
 Metaspace       used 27096K, committed 27456K, reserved 1114112K
  class space    used 3152K, committed 3328K, reserved 1048576K
}
Event: 139.243 GC heap after
{Heap after GC invocations=15 (full 0):
 garbage-first heap   total 290816K, used 72428K [0x0000000602800000, 0x0000000800000000)
  region size 4096K, 4 young (16384K), 4 survivors (16384K)
 Metaspace       used 27096K, committed 27456K, reserved 1114112K
  class space    used 3152K, committed 3328K, reserved 1048576K
}
Event: 140.141 GC heap before
{Heap before GC invocations=15 (full 0):
 garbage-first heap   total 290816K, used 211692K [0x0000000602800000, 0x0000000800000000)
  region size 4096K, 38 young (155648K), 4 survivors (16384K)
 Metaspace       used 27173K, committed 27456K, reserved 1114112K
  class space    used 3175K, committed 3328K, reserved 1048576K
}

